route-frontend/src/main.tsx(4,1): error TS6133: 'App' is declared but its value is never read.
route-frontend/src/mocks/handlers.ts(14,83): error TS6133: 'request' is declared but its value is never read.
